# JRE version: Java(TM) SE Runtime Environment 18.9 (11.0.15+8) (build 11.0.15+8-LTS-149)
# Java VM: Java HotSpot(TM) 64-Bit Server VM 18.9 (11.0.15+8-LTS-149, mixed mode, tiered, compressed oops, g1 gc, windows-amd64)
Heap:
 garbage-first heap   total 262144K, used 29425K [0x0000000701600000, 0x0000000800000000)
  region size 1024K, 18 young (18432K), 4 survivors (4096K)
 Metaspace       used 22445K, capacity 23214K, committed 23296K, reserved 1069056K
  class space    used 2479K, capacity 2791K, committed 2816K, reserved 1048576K
GC Heap History (8 events):
Event: 0.662 GC heap before
{Heap before GC invocations=0 (full 0):
 garbage-first heap   total 262144K, used 25600K [0x0000000701600000, 0x0000000800000000)
  region size 1024K, 24 young (24576K), 0 survivors (0K)
 Metaspace       used 9467K, capacity 9670K, committed 9984K, reserved 1058816K
  class space    used 883K, capacity 924K, committed 1024K, reserved 1048576K
}
Event: 0.667 GC heap after
{Heap after GC invocations=1 (full 0):
 garbage-first heap   total 262144K, used 11996K [0x0000000701600000, 0x0000000800000000)
  region size 1024K, 3 young (3072K), 3 survivors (3072K)
 Metaspace       used 9467K, capacity 9670K, committed 9984K, reserved 1058816K
  class space    used 883K, capacity 924K, committed 1024K, reserved 1048576K
}
Event: 0.964 GC heap before
{Heap before GC invocations=1 (full 0):
 garbage-first heap   total 262144K, used 27356K [0x0000000701600000, 0x0000000800000000)
  region size 1024K, 19 young (19456K), 3 survivors (3072K)
 Metaspace       used 12162K, capacity 12578K, committed 12672K, reserved 1060864K
  class space    used 1210K, capacity 1367K, committed 1408K, reserved 1048576K
}
Event: 0.967 GC heap after
{Heap after GC invocations=2 (full 0):
 garbage-first heap   total 262144K, used 13095K [0x0000000701600000, 0x0000000800000000)
  region size 1024K, 1 young (1024K), 1 survivors (1024K)
 Metaspace       used 12162K, capacity 12578K, committed 12672K, reserved 1060864K
  class space    used 1210K, capacity 1367K, committed 1408K, reserved 1048576K
}
Event: 1.666 GC heap before
{Heap before GC invocations=2 (full 0):
 garbage-first heap   total 262144K, used 55079K [0x0000000701600000, 0x0000000800000000)
  region size 1024K, 42 young (43008K), 1 survivors (1024K)
 Metaspace       used 19037K, capacity 19606K, committed 19712K, reserved 1067008K
  class space    used 2034K, capacity 2290K, committed 2304K, reserved 1048576K
}
Event: 1.670 GC heap after
{Heap after GC invocations=3 (full 0):
 garbage-first heap   total 262144K, used 14897K [0x0000000701600000, 0x0000000800000000)
  region size 1024K, 3 young (3072K), 3 survivors (3072K)
 Metaspace       used 19037K, capacity 19606K, committed 19712K, reserved 1067008K
  class space    used 2034K, capacity 2290K, committed 2304K, reserved 1048576K
}
Event: 1.824 GC heap before
{Heap before GC invocations=3 (full 0):
 garbage-first heap   total 262144K, used 25137K [0x0000000701600000, 0x0000000800000000)
  region size 1024K, 14 young (14336K), 3 survivors (3072K)
 Metaspace       used 20595K, capacity 21205K, committed 21248K, reserved 1069056K
  class space    used 2257K, capacity 2522K, committed 2560K, reserved 1048576K
}
Event: 1.827 GC heap after
{Heap after GC invocations=4 (full 0):
 garbage-first heap   total 262144K, used 16113K [0x0000000701600000, 0x0000000800000000)
  region size 1024K, 4 young (4096K), 4 survivors (4096K)
 Metaspace       used 20595K, capacity 21205K, committed 21248K, reserved 1069056K
  class space    used 2257K, capacity 2522K, committed 2560K, reserved 1048576K
}

